<?xml version="1.0" encoding="UTF-8"?>
<testng-results ignored="0" total="3" passed="3" failed="0" skipped="0">
  <reporter-output>
  </reporter-output>
  <suite started-at="2024-12-01T13:02:20 IST" name="Suite" finished-at="2024-12-01T13:04:32 IST" duration-ms="131904">
    <groups>
      <group name="cucumber">
        <method signature="AbstractTestNGCucumberTests.runScenario(io.cucumber.testng.PickleWrapper,io.cucumber.testng.FeatureWrapper)[pri:0, instance:runnerClzPkg.SwagLabsAddToCartRun@54422e18]" name="runScenario" class="io.cucumber.testng.AbstractTestNGCucumberTests"/>
        <method signature="AbstractTestNGCucumberTests.runScenario(io.cucumber.testng.PickleWrapper,io.cucumber.testng.FeatureWrapper)[pri:0, instance:runnerClzPkg.SwagLabsCheckOutRun@117159c0]" name="runScenario" class="io.cucumber.testng.AbstractTestNGCucumberTests"/>
        <method signature="AbstractTestNGCucumberTests.runScenario(io.cucumber.testng.PickleWrapper,io.cucumber.testng.FeatureWrapper)[pri:0, instance:runnerClzPkg.SwagLabsLogin@76b1e9b8]" name="runScenario" class="io.cucumber.testng.AbstractTestNGCucumberTests"/>
      </group> <!-- cucumber -->
    </groups>
    <test started-at="2024-12-01T13:02:20 IST" name="Test" finished-at="2024-12-01T13:04:32 IST" duration-ms="131904">
      <class name="runnerClzPkg.SwagLabsLogin">
        <test-method is-config="true" signature="setUpClass(org.testng.ITestContext)[pri:0, instance:runnerClzPkg.SwagLabsLogin@76b1e9b8]" started-at="2024-12-01T13:02:20 IST" name="setUpClass" finished-at="2024-12-01T13:02:20 IST" duration-ms="437" status="PASS">
          <params>
            <param index="0">
              <value>
                <![CDATA[org.testng.TestRunner@6fd5717c]]>
              </value>
            </param>
          </params>
          <reporter-output>
          </reporter-output>
        </test-method> <!-- setUpClass -->
        <test-method signature="runScenario(io.cucumber.testng.PickleWrapper,io.cucumber.testng.FeatureWrapper)[pri:0, instance:runnerClzPkg.SwagLabsLogin@76b1e9b8]" started-at="2024-12-01T13:02:20 IST" name="runScenario" description="Runs Cucumber Scenarios" data-provider="scenarios" finished-at="2024-12-01T13:03:42 IST" duration-ms="81320" status="PASS">
          <params>
            <param index="0">
              <value>
                <![CDATA["need to navigate to the SwagLabs site with correct credentials"]]>
              </value>
            </param>
            <param index="1">
              <value>
                <![CDATA["Test whether use can navigate to prodct page successfully"]]>
              </value>
            </param>
          </params>
          <reporter-output>
          </reporter-output>
        </test-method> <!-- runScenario -->
        <test-method is-config="true" signature="tearDownClass()[pri:0, instance:runnerClzPkg.SwagLabsLogin@76b1e9b8]" started-at="2024-12-01T13:03:42 IST" name="tearDownClass" finished-at="2024-12-01T13:03:42 IST" duration-ms="3" status="PASS">
          <reporter-output>
          </reporter-output>
        </test-method> <!-- tearDownClass -->
      </class> <!-- runnerClzPkg.SwagLabsLogin -->
      <class name="runnerClzPkg.SwagLabsAddToCartRun">
        <test-method is-config="true" signature="setUpClass(org.testng.ITestContext)[pri:0, instance:runnerClzPkg.SwagLabsAddToCartRun@54422e18]" started-at="2024-12-01T13:03:42 IST" name="setUpClass" finished-at="2024-12-01T13:03:42 IST" duration-ms="44" status="PASS">
          <params>
            <param index="0">
              <value>
                <![CDATA[org.testng.TestRunner@6fd5717c]]>
              </value>
            </param>
          </params>
          <reporter-output>
          </reporter-output>
        </test-method> <!-- setUpClass -->
        <test-method signature="runScenario(io.cucumber.testng.PickleWrapper,io.cucumber.testng.FeatureWrapper)[pri:0, instance:runnerClzPkg.SwagLabsAddToCartRun@54422e18]" started-at="2024-12-01T13:03:42 IST" name="runScenario" description="Runs Cucumber Scenarios" data-provider="scenarios" finished-at="2024-12-01T13:04:11 IST" duration-ms="28846" status="PASS">
          <params>
            <param index="0">
              <value>
                <![CDATA["Adding items to the cart to checkout"]]>
              </value>
            </param>
            <param index="1">
              <value>
                <![CDATA["Test whether user can add items to the cart successfully"]]>
              </value>
            </param>
          </params>
          <reporter-output>
          </reporter-output>
        </test-method> <!-- runScenario -->
        <test-method is-config="true" signature="tearDownClass()[pri:0, instance:runnerClzPkg.SwagLabsAddToCartRun@54422e18]" started-at="2024-12-01T13:04:11 IST" name="tearDownClass" finished-at="2024-12-01T13:04:11 IST" duration-ms="1" status="PASS">
          <reporter-output>
          </reporter-output>
        </test-method> <!-- tearDownClass -->
      </class> <!-- runnerClzPkg.SwagLabsAddToCartRun -->
      <class name="runnerClzPkg.SwagLabsCheckOutRun">
        <test-method is-config="true" signature="setUpClass(org.testng.ITestContext)[pri:0, instance:runnerClzPkg.SwagLabsCheckOutRun@117159c0]" started-at="2024-12-01T13:04:11 IST" name="setUpClass" finished-at="2024-12-01T13:04:11 IST" duration-ms="28" status="PASS">
          <params>
            <param index="0">
              <value>
                <![CDATA[org.testng.TestRunner@6fd5717c]]>
              </value>
            </param>
          </params>
          <reporter-output>
          </reporter-output>
        </test-method> <!-- setUpClass -->
        <test-method signature="runScenario(io.cucumber.testng.PickleWrapper,io.cucumber.testng.FeatureWrapper)[pri:0, instance:runnerClzPkg.SwagLabsCheckOutRun@117159c0]" started-at="2024-12-01T13:04:11 IST" name="runScenario" description="Runs Cucumber Scenarios" data-provider="scenarios" finished-at="2024-12-01T13:04:32 IST" duration-ms="21104" status="PASS">
          <params>
            <param index="0">
              <value>
                <![CDATA["Providing information to complete the checkout process"]]>
              </value>
            </param>
            <param index="1">
              <value>
                <![CDATA["Test whether user can provide checkout information successfully"]]>
              </value>
            </param>
          </params>
          <reporter-output>
          </reporter-output>
        </test-method> <!-- runScenario -->
        <test-method is-config="true" signature="tearDownClass()[pri:0, instance:runnerClzPkg.SwagLabsCheckOutRun@117159c0]" started-at="2024-12-01T13:04:32 IST" name="tearDownClass" finished-at="2024-12-01T13:04:32 IST" duration-ms="0" status="PASS">
          <reporter-output>
          </reporter-output>
        </test-method> <!-- tearDownClass -->
      </class> <!-- runnerClzPkg.SwagLabsCheckOutRun -->
    </test> <!-- Test -->
  </suite> <!-- Suite -->
</testng-results>
